Arguments: 
  C:\Program Files\nodejs\node.exe C:\Program Files (x86)\Yarn\bin\yarn.js install

PATH: 
  C:\Program Files (x86)\Python38-32\Scripts\;C:\Program Files (x86)\Python38-32\;C:\Windows\system32;C:\Windows;C:\Windows\System32\Wbem;C:\Windows\System32\WindowsPowerShell\v1.0\;C:\Windows\System32\OpenSSH\;C:\ProgramData\chocolatey\bin;C:\Program Files\nodejs\;C:\Program Files (x86)\Yarn\bin\;C:\Users\Leo\AppData\Local\Programs\Python\Python38-32\Scripts\;C:\Users\Leo\AppData\Local\Programs\Python\Python38-32\;C:\Users\Leo\AppData\Local\Microsoft\WindowsApps;C:\Users\Leo\AppData\Local\Programs\Microsoft VS Code\bin;C:\Users\Leo\AppData\Local\GitHubDesktop\bin;C:\Users\Leo\AppData\Roaming\npm;C:\Users\Leo\AppData\Local\Yarn\bin

Yarn version: 
  1.22.5

Node version: 
  12.19.0

Platform: 
  win32 x64

Trace: 
  SyntaxError: C:\Users\Leo\Documents\estudos front-end\desafios-rocketseat\exercicios-javascript\ex20\package.json: Unexpected token } in JSON at position 280
      at JSON.parse (<anonymous>)
      at C:\Program Files (x86)\Yarn\lib\cli.js:1625:59
      at Generator.next (<anonymous>)
      at step (C:\Program Files (x86)\Yarn\lib\cli.js:310:30)
      at C:\Program Files (x86)\Yarn\lib\cli.js:321:13

npm manifest: 
  {
    "name": "js-babel-webpack",
    "version": "1.0.0",
    "description": "",
    "main": "index.js",
    "scripts": {
      "start": "webpack-dev-server --config ./webpack.config.js --mode development",
      "build": "webpack --config webpack.config.js",
      "watch": "webpack --watch",
    },
    "keywords": [],
    "author": "",
    "license": "ISC",
    "devDependencies": {
      "@babel/core": "^7.6.0",
      "@babel/preset-env": "^7.6.0",
      "babel-loader": "^8.0.6",
      "css-loader": "^0.28.11",
      "eslint": "^7.11.0",
      "eslint-config-airbnb-base": "^14.2.0",
      "eslint-plugin-import": "^2.22.1",
      "node-sass": "^4.14.1",
      "sass-loader": "^6.0.7",
      "style-loader": "^0.20.3",
      "webpack": "^4.40.2",
      "webpack-cli": "^3.3.8",
      "webpack-dev-server": "^3.11.0"
    }
  }

yarn manifest: 
  No manifest

Lockfile: 
  No lockfile
